[2023-05-09 09:26:34:1671][restartedMain] DEBUG o.s.w.s.m.m.a.RequestMappingHandlerAdapter - ControllerAdvice beans: 0 @ModelAttribute, 0 @InitBinder, 1 RequestBodyAdvice, 1 ResponseBodyAdvice
[2023-05-09 09:26:34:1713][restartedMain] DEBUG o.s.w.s.m.m.a.RequestMappingHandlerMapping - 60 mappings in 'requestMappingHandlerMapping'
[2023-05-09 09:26:34:1846][restartedMain] DEBUG o.s.w.s.h.SimpleUrlHandlerMapping - Patterns [/webjars/**, /**, /uimg/**, /logs/**] in 'resourceHandlerMapping'
[2023-05-09 09:26:34:1855][restartedMain] DEBUG o.s.w.s.m.m.a.ExceptionHandlerExceptionResolver - ControllerAdvice beans: 1 @ExceptionHandler, 1 ResponseBodyAdvice
[2023-05-09 09:26:40:8030][http-nio-80-exec-1] INFO  o.s.web.servlet.DispatcherServlet - Initializing Servlet 'dispatcherServlet'
[2023-05-09 09:26:40:8031][http-nio-80-exec-1] DEBUG o.s.web.servlet.DispatcherServlet - Detected StandardServletMultipartResolver
[2023-05-09 09:26:40:8031][http-nio-80-exec-1] DEBUG o.s.web.servlet.DispatcherServlet - Detected AcceptHeaderLocaleResolver
[2023-05-09 09:26:40:8031][http-nio-80-exec-1] DEBUG o.s.web.servlet.DispatcherServlet - Detected FixedThemeResolver
[2023-05-09 09:26:40:8034][http-nio-80-exec-1] DEBUG o.s.web.servlet.DispatcherServlet - Detected org.springframework.web.servlet.view.DefaultRequestToViewNameTranslator@71575c1e
[2023-05-09 09:26:40:8034][http-nio-80-exec-1] DEBUG o.s.web.servlet.DispatcherServlet - Detected org.springframework.web.servlet.support.SessionFlashMapManager@10f01be
[2023-05-09 09:26:40:8034][http-nio-80-exec-1] DEBUG o.s.web.servlet.DispatcherServlet - enableLoggingRequestDetails='false': request parameters and headers will be masked to prevent unsafe logging of potentially sensitive data
[2023-05-09 09:26:40:8034][http-nio-80-exec-1] INFO  o.s.web.servlet.DispatcherServlet - Completed initialization in 3 ms
[2023-05-09 09:26:40:8053][http-nio-80-exec-1] DEBUG o.s.web.servlet.DispatcherServlet - GET "/", parameters={}
[2023-05-09 09:26:40:8057][http-nio-80-exec-1] DEBUG o.s.w.s.m.m.a.RequestMappingHandlerMapping - Mapped to com.kbstar.controller.MainController#main()
[2023-05-09 09:26:40:8083][http-nio-80-exec-1] DEBUG o.s.w.s.v.ContentNegotiatingViewResolver - Selected 'text/html' given [text/html, application/xhtml+xml, image/avif, image/webp, image/apng, application/xml;q=0.9, application/signed-exchange;v=b3;q=0.7, */*;q=0.8]
[2023-05-09 09:26:40:8083][http-nio-80-exec-1] DEBUG o.s.web.servlet.view.JstlView - View name 'index', model {}
[2023-05-09 09:26:40:8086][http-nio-80-exec-1] DEBUG o.s.web.servlet.view.JstlView - Forwarding to [/views/index.jsp]
[2023-05-09 09:26:41:9133][http-nio-80-exec-1] DEBUG o.s.web.servlet.DispatcherServlet - Completed 200 OK
[2023-05-09 09:26:42:9656][http-nio-80-exec-2] DEBUG o.s.web.servlet.DispatcherServlet - GET "/", parameters={}
[2023-05-09 09:26:42:9656][http-nio-80-exec-2] DEBUG o.s.w.s.m.m.a.RequestMappingHandlerMapping - Mapped to com.kbstar.controller.MainController#main()
[2023-05-09 09:26:42:9657][http-nio-80-exec-2] DEBUG o.s.w.s.v.ContentNegotiatingViewResolver - Selected 'text/html' given [text/html, application/xhtml+xml, image/avif, image/webp, image/apng, application/xml;q=0.9, application/signed-exchange;v=b3;q=0.7, */*;q=0.8]
[2023-05-09 09:26:42:9657][http-nio-80-exec-2] DEBUG o.s.web.servlet.view.JstlView - View name 'index', model {}
[2023-05-09 09:26:42:9657][http-nio-80-exec-2] DEBUG o.s.web.servlet.view.JstlView - Forwarding to [/views/index.jsp]
[2023-05-09 09:26:42:9659][http-nio-80-exec-2] DEBUG o.s.web.servlet.DispatcherServlet - Completed 200 OK
[2023-05-09 09:26:42:9702][http-nio-80-exec-3] DEBUG o.s.web.servlet.DispatcherServlet - GET "/js/index0421.js", parameters={}
[2023-05-09 09:26:42:9711][http-nio-80-exec-4] DEBUG o.s.web.servlet.DispatcherServlet - GET "/webjars/sockjs-client/sockjs.min.js", parameters={}
[2023-05-09 09:26:42:9711][http-nio-80-exec-5] DEBUG o.s.web.servlet.DispatcherServlet - GET "/webjars/stomp-websocket/stomp.min.js", parameters={}
[2023-05-09 09:26:42:9711][http-nio-80-exec-3] DEBUG o.s.w.s.h.SimpleUrlHandlerMapping - Mapped to ResourceHttpRequestHandler [classpath [META-INF/resources/], classpath [resources/], classpath [static/], classpath [public/], ServletContext [/]]
[2023-05-09 09:26:42:9711][http-nio-80-exec-4] DEBUG o.s.w.s.h.SimpleUrlHandlerMapping - Mapped to ResourceHttpRequestHandler [classpath [META-INF/resources/webjars/]]
[2023-05-09 09:26:42:9712][http-nio-80-exec-5] DEBUG o.s.w.s.h.SimpleUrlHandlerMapping - Mapped to ResourceHttpRequestHandler [classpath [META-INF/resources/webjars/]]
[2023-05-09 09:26:42:9723][http-nio-80-exec-5] DEBUG o.s.web.servlet.DispatcherServlet - Completed 200 OK
[2023-05-09 09:26:42:9724][http-nio-80-exec-3] DEBUG o.s.web.servlet.DispatcherServlet - Completed 200 OK
[2023-05-09 09:26:42:9726][http-nio-80-exec-4] DEBUG o.s.web.servlet.DispatcherServlet - Completed 200 OK
[2023-05-09 09:26:43:10585][http-nio-80-exec-6] DEBUG o.s.web.servlet.DispatcherServlet - GET "/favicon.ico", parameters={}
[2023-05-09 09:26:43:10586][http-nio-80-exec-6] DEBUG o.s.w.s.h.SimpleUrlHandlerMapping - Mapped to ResourceHttpRequestHandler [classpath [META-INF/resources/], classpath [resources/], classpath [static/], classpath [public/], ServletContext [/]]
[2023-05-09 09:26:43:10587][http-nio-80-exec-6] DEBUG o.s.w.s.r.ResourceHttpRequestHandler - Resource not found
[2023-05-09 09:26:43:10587][http-nio-80-exec-6] DEBUG o.s.web.servlet.DispatcherServlet - Completed 404 NOT_FOUND
[2023-05-09 09:26:43:10588][http-nio-80-exec-6] DEBUG o.s.web.servlet.DispatcherServlet - "ERROR" dispatch for GET "/error", parameters={}
[2023-05-09 09:26:43:10589][http-nio-80-exec-6] DEBUG o.s.w.s.m.m.a.RequestMappingHandlerMapping - Mapped to org.springframework.boot.autoconfigure.web.servlet.error.BasicErrorController#error(HttpServletRequest)
[2023-05-09 09:26:43:10602][http-nio-80-exec-6] DEBUG o.s.w.s.m.m.a.HttpEntityMethodProcessor - Using 'application/json;q=0.8', given [image/avif, image/webp, image/apng, image/svg+xml, image/*, */*;q=0.8] and supported [application/json, application/*+json, application/json, application/*+json]
[2023-05-09 09:26:43:10603][http-nio-80-exec-6] DEBUG o.s.w.s.m.m.a.HttpEntityMethodProcessor - Writing [{timestamp=Tue May 09 09:26:43 KST 2023, status=404, error=Not Found, message=No message available,  (truncated)...]
[2023-05-09 09:26:43:10632][http-nio-80-exec-6] DEBUG o.s.web.servlet.DispatcherServlet - Exiting from "ERROR" dispatch, status 404
[2023-05-09 09:26:46:14149][http-nio-80-exec-7] DEBUG o.s.web.servlet.DispatcherServlet - GET "/login", parameters={}
[2023-05-09 09:26:46:14150][http-nio-80-exec-7] DEBUG o.s.w.s.m.m.a.RequestMappingHandlerMapping - Mapped to com.kbstar.controller.MainController#login(Model)
[2023-05-09 09:26:46:14158][http-nio-80-exec-7] DEBUG o.s.w.s.v.ContentNegotiatingViewResolver - Selected 'text/html' given [text/html, application/xhtml+xml, image/avif, image/webp, image/apng, application/xml;q=0.9, application/signed-exchange;v=b3;q=0.7, */*;q=0.8]
[2023-05-09 09:26:46:14158][http-nio-80-exec-7] DEBUG o.s.web.servlet.view.JstlView - View name 'index', model {center=login}
[2023-05-09 09:26:46:14158][http-nio-80-exec-7] DEBUG o.s.web.servlet.view.JstlView - Forwarding to [/views/index.jsp]
[2023-05-09 09:26:46:14221][http-nio-80-exec-7] DEBUG o.s.web.servlet.DispatcherServlet - Completed 200 OK
[2023-05-09 09:26:46:14241][http-nio-80-exec-8] DEBUG o.s.web.servlet.DispatcherServlet - GET "/js/index0421.js", parameters={}
[2023-05-09 09:26:46:14241][http-nio-80-exec-8] DEBUG o.s.w.s.h.SimpleUrlHandlerMapping - Mapped to ResourceHttpRequestHandler [classpath [META-INF/resources/], classpath [resources/], classpath [static/], classpath [public/], ServletContext [/]]
[2023-05-09 09:26:46:14242][http-nio-80-exec-8] DEBUG o.s.web.servlet.DispatcherServlet - Completed 200 OK
[2023-05-09 09:26:46:14243][http-nio-80-exec-10] DEBUG o.s.web.servlet.DispatcherServlet - GET "/webjars/stomp-websocket/stomp.min.js", parameters={}
[2023-05-09 09:26:46:14243][http-nio-80-exec-9] DEBUG o.s.web.servlet.DispatcherServlet - GET "/webjars/sockjs-client/sockjs.min.js", parameters={}
[2023-05-09 09:26:46:14244][http-nio-80-exec-10] DEBUG o.s.w.s.h.SimpleUrlHandlerMapping - Mapped to ResourceHttpRequestHandler [classpath [META-INF/resources/webjars/]]
[2023-05-09 09:26:46:14244][http-nio-80-exec-9] DEBUG o.s.w.s.h.SimpleUrlHandlerMapping - Mapped to ResourceHttpRequestHandler [classpath [META-INF/resources/webjars/]]
[2023-05-09 09:26:46:14245][http-nio-80-exec-10] DEBUG o.s.web.servlet.DispatcherServlet - Completed 200 OK
[2023-05-09 09:26:46:14246][http-nio-80-exec-9] DEBUG o.s.web.servlet.DispatcherServlet - Completed 200 OK
[2023-05-09 09:26:55:23237][http-nio-80-exec-1] DEBUG o.s.web.servlet.DispatcherServlet - POST "/loginimpl", parameters={masked}
[2023-05-09 09:26:55:23238][http-nio-80-exec-1] DEBUG o.s.w.s.m.m.a.RequestMappingHandlerMapping - Mapped to com.kbstar.controller.MainController#loginimpl(Model, String, String, HttpSession)
[2023-05-09 09:26:56:23771][http-nio-80-exec-1] DEBUG o.s.w.s.v.ContentNegotiatingViewResolver - Selected 'text/html' given [text/html, application/xhtml+xml, image/avif, image/webp, image/apng, application/xml;q=0.9, application/signed-exchange;v=b3;q=0.7, */*;q=0.8]
[2023-05-09 09:26:56:23771][http-nio-80-exec-1] DEBUG o.s.web.servlet.view.JstlView - View name 'index', model {center=loginfail}
[2023-05-09 09:26:56:23771][http-nio-80-exec-1] DEBUG o.s.web.servlet.view.JstlView - Forwarding to [/views/index.jsp]
[2023-05-09 09:26:56:23802][http-nio-80-exec-1] DEBUG o.s.web.servlet.DispatcherServlet - Completed 200 OK
[2023-05-09 09:26:56:23837][http-nio-80-exec-2] DEBUG o.s.web.servlet.DispatcherServlet - GET "/js/index0421.js", parameters={}
[2023-05-09 09:26:56:23838][http-nio-80-exec-2] DEBUG o.s.w.s.h.SimpleUrlHandlerMapping - Mapped to ResourceHttpRequestHandler [classpath [META-INF/resources/], classpath [resources/], classpath [static/], classpath [public/], ServletContext [/]]
[2023-05-09 09:26:56:23839][http-nio-80-exec-2] DEBUG o.s.web.servlet.DispatcherServlet - Completed 200 OK
[2023-05-09 09:26:56:23840][http-nio-80-exec-5] DEBUG o.s.web.servlet.DispatcherServlet - GET "/webjars/stomp-websocket/stomp.min.js", parameters={}
[2023-05-09 09:26:56:23840][http-nio-80-exec-3] DEBUG o.s.web.servlet.DispatcherServlet - GET "/webjars/sockjs-client/sockjs.min.js", parameters={}
[2023-05-09 09:26:56:23840][http-nio-80-exec-5] DEBUG o.s.w.s.h.SimpleUrlHandlerMapping - Mapped to ResourceHttpRequestHandler [classpath [META-INF/resources/webjars/]]
[2023-05-09 09:26:56:23841][http-nio-80-exec-3] DEBUG o.s.w.s.h.SimpleUrlHandlerMapping - Mapped to ResourceHttpRequestHandler [classpath [META-INF/resources/webjars/]]
[2023-05-09 09:26:56:23841][http-nio-80-exec-5] DEBUG o.s.web.servlet.DispatcherServlet - Completed 200 OK
[2023-05-09 09:26:56:23843][http-nio-80-exec-3] DEBUG o.s.web.servlet.DispatcherServlet - Completed 200 OK
